[2024-05-04 06:23:29] local.INFO: Detected N+1 Query  
[2024-05-04 06:23:29] local.INFO: Model: App\Models\Order
Relation: category
Num-Called: 4
Call-Stack:
#18 /storage/framework/views/70a9fb28b68eb12c63ecd784a8979f2a56f39ce6.php:134
#20 /vendor/laravel/framework/src/Illuminate/Filesystem/Filesystem.php:110
#21 /vendor/laravel/framework/src/Illuminate/View/Engines/PhpEngine.php:58
#22 /vendor/laravel/framework/src/Illuminate/View/Engines/CompilerEngine.php:70
#23 /vendor/laravel/framework/src/Illuminate/View/View.php:195
#24 /vendor/laravel/framework/src/Illuminate/View/View.php:178
#25 /vendor/laravel/framework/src/Illuminate/View/View.php:147
#26 /vendor/laravel/framework/src/Illuminate/Http/Response.php:69
#27 /vendor/laravel/framework/src/Illuminate/Http/Response.php:35
#28 /vendor/laravel/framework/src/Illuminate/Routing/Router.php:906
#29 /vendor/laravel/framework/src/Illuminate/Routing/Router.php:875
#30 /vendor/laravel/framework/src/Illuminate/Routing/Router.php:797
#31 /vendor/laravel/framework/src/Illuminate/Pipeline/Pipeline.php:141
#32 /app/Http/Middleware/CheckStatus.php:24
#33 /vendor/laravel/framework/src/Illuminate/Pipeline/Pipeline.php:180
#34 /app/Http/Middleware/MaintenanceMode.php:25
#35 /vendor/laravel/framework/src/Illuminate/Pipeline/Pipeline.php:180
#36 /app/Http/Middleware/LanguageMiddleware.php:21
#37 /vendor/laravel/framework/src/Illuminate/Pipeline/Pipeline.php:180
#38 /vendor/laravel/framework/src/Illuminate/Routing/Middleware/SubstituteBindings.php:50
#39 /vendor/laravel/framework/src/Illuminate/Pipeline/Pipeline.php:180
#40 /vendor/laravel/framework/src/Illuminate/Auth/Middleware/Authenticate.php:44
#41 /vendor/laravel/framework/src/Illuminate/Pipeline/Pipeline.php:180
#42 /vendor/laravel/framework/src/Illuminate/Foundation/Http/Middleware/VerifyCsrfToken.php:78
#43 /vendor/laravel/framework/src/Illuminate/Pipeline/Pipeline.php:180
#44 /vendor/laravel/framework/src/Illuminate/View/Middleware/ShareErrorsFromSession.php:49
#45 /vendor/laravel/framework/src/Illuminate/Pipeline/Pipeline.php:180
#46 /vendor/laravel/framework/src/Illuminate/Session/Middleware/StartSession.php:121
#47 /vendor/laravel/framework/src/Illuminate/Session/Middleware/StartSession.php:64
#48 /vendor/laravel/framework/src/Illuminate/Pipeline/Pipeline.php:180
#49 /vendor/laravel/framework/src/Illuminate/Cookie/Middleware/AddQueuedCookiesToResponse.php:37
  
[2024-05-04 06:23:29] local.INFO: Model: App\Models\Order
Relation: service
Num-Called: 4
Call-Stack:
#19 /storage/framework/views/70a9fb28b68eb12c63ecd784a8979f2a56f39ce6.php:136
#21 /vendor/laravel/framework/src/Illuminate/Filesystem/Filesystem.php:110
#22 /vendor/laravel/framework/src/Illuminate/View/Engines/PhpEngine.php:58
#23 /vendor/laravel/framework/src/Illuminate/View/Engines/CompilerEngine.php:70
#24 /vendor/laravel/framework/src/Illuminate/View/View.php:195
#25 /vendor/laravel/framework/src/Illuminate/View/View.php:178
#26 /vendor/laravel/framework/src/Illuminate/View/View.php:147
#27 /vendor/laravel/framework/src/Illuminate/Http/Response.php:69
#28 /vendor/laravel/framework/src/Illuminate/Http/Response.php:35
#29 /vendor/laravel/framework/src/Illuminate/Routing/Router.php:906
#30 /vendor/laravel/framework/src/Illuminate/Routing/Router.php:875
#31 /vendor/laravel/framework/src/Illuminate/Routing/Router.php:797
#32 /vendor/laravel/framework/src/Illuminate/Pipeline/Pipeline.php:141
#33 /app/Http/Middleware/CheckStatus.php:24
#34 /vendor/laravel/framework/src/Illuminate/Pipeline/Pipeline.php:180
#35 /app/Http/Middleware/MaintenanceMode.php:25
#36 /vendor/laravel/framework/src/Illuminate/Pipeline/Pipeline.php:180
#37 /app/Http/Middleware/LanguageMiddleware.php:21
#38 /vendor/laravel/framework/src/Illuminate/Pipeline/Pipeline.php:180
#39 /vendor/laravel/framework/src/Illuminate/Routing/Middleware/SubstituteBindings.php:50
#40 /vendor/laravel/framework/src/Illuminate/Pipeline/Pipeline.php:180
#41 /vendor/laravel/framework/src/Illuminate/Auth/Middleware/Authenticate.php:44
#42 /vendor/laravel/framework/src/Illuminate/Pipeline/Pipeline.php:180
#43 /vendor/laravel/framework/src/Illuminate/Foundation/Http/Middleware/VerifyCsrfToken.php:78
#44 /vendor/laravel/framework/src/Illuminate/Pipeline/Pipeline.php:180
#45 /vendor/laravel/framework/src/Illuminate/View/Middleware/ShareErrorsFromSession.php:49
#46 /vendor/laravel/framework/src/Illuminate/Pipeline/Pipeline.php:180
#47 /vendor/laravel/framework/src/Illuminate/Session/Middleware/StartSession.php:121
#48 /vendor/laravel/framework/src/Illuminate/Session/Middleware/StartSession.php:64
#49 /vendor/laravel/framework/src/Illuminate/Pipeline/Pipeline.php:180
  
